1728013048.020588 client started (22937): version 3.4, socket /tmp/tmux-1000/default, protocol 8
1728013048.020654 on Linux 6.10.9-200.fc40.x86_64 #1 SMP PREEMPT_DYNAMIC Sun Sep  8 17:23:55 UTC 2024
1728013048.020676 using libevent 2.1.12-stable poll
1728013048.020688 using ncurses 6.4 20240127
1728013048.020726 flags are 0x10010000
1728013048.020754 socket is /tmp/tmux-1000/default
1728013048.020799 trying connect
1728013048.020944 add peer 0x5649e7b57c00: 6 ((nil))
1728013048.021561 sending message 100 to peer 0x5649e7b57c00 (4 bytes)
1728013048.021578 sending message 111 to peer 0x5649e7b57c00 (8 bytes)
1728013048.021590 sending message 101 to peer 0x5649e7b57c00 (16 bytes)
1728013048.021597 sending message 109 to peer 0x5649e7b57c00 (4 bytes)
1728013048.021604 sending message 102 to peer 0x5649e7b57c00 (11 bytes)
1728013048.021612 sending message 108 to peer 0x5649e7b57c00 (35 bytes)
1728013048.021621 sending message 112 to peer 0x5649e7b57c00 (70 bytes)
1728013048.021629 sending message 112 to peer 0x5649e7b57c00 (5 bytes)
1728013048.021636 sending message 112 to peer 0x5649e7b57c00 (5 bytes)
1728013048.021644 sending message 112 to peer 0x5649e7b57c00 (6 bytes)
1728013048.021651 sending message 112 to peer 0x5649e7b57c00 (6 bytes)
1728013048.021658 sending message 112 to peer 0x5649e7b57c00 (11 bytes)
1728013048.021665 sending message 112 to peer 0x5649e7b57c00 (10 bytes)
1728013048.021672 sending message 112 to peer 0x5649e7b57c00 (13 bytes)
1728013048.021679 sending message 112 to peer 0x5649e7b57c00 (13 bytes)
1728013048.021685 sending message 112 to peer 0x5649e7b57c00 (18 bytes)
1728013048.021692 sending message 112 to peer 0x5649e7b57c00 (11 bytes)
1728013048.021699 sending message 112 to peer 0x5649e7b57c00 (21 bytes)
1728013048.021706 sending message 112 to peer 0x5649e7b57c00 (13 bytes)
1728013048.021713 sending message 112 to peer 0x5649e7b57c00 (7 bytes)
1728013048.021721 sending message 112 to peer 0x5649e7b57c00 (13 bytes)
1728013048.021729 sending message 112 to peer 0x5649e7b57c00 (7 bytes)
1728013048.021736 sending message 112 to peer 0x5649e7b57c00 (13 bytes)
1728013048.021742 sending message 112 to peer 0x5649e7b57c00 (9 bytes)
1728013048.021750 sending message 112 to peer 0x5649e7b57c00 (21 bytes)
1728013048.021757 sending message 112 to peer 0x5649e7b57c00 (13 bytes)
1728013048.021764 sending message 112 to peer 0x5649e7b57c00 (8 bytes)
1728013048.021771 sending message 112 to peer 0x5649e7b57c00 (12 bytes)
1728013048.021778 sending message 112 to peer 0x5649e7b57c00 (13 bytes)
1728013048.021785 sending message 112 to peer 0x5649e7b57c00 (9 bytes)
1728013048.021792 sending message 112 to peer 0x5649e7b57c00 (9 bytes)
1728013048.021800 sending message 112 to peer 0x5649e7b57c00 (12 bytes)
1728013048.021806 sending message 112 to peer 0x5649e7b57c00 (8 bytes)
1728013048.021814 sending message 112 to peer 0x5649e7b57c00 (7 bytes)
1728013048.021822 sending message 112 to peer 0x5649e7b57c00 (7 bytes)
1728013048.021830 sending message 112 to peer 0x5649e7b57c00 (9 bytes)
1728013048.021837 sending message 112 to peer 0x5649e7b57c00 (13 bytes)
1728013048.021844 sending message 112 to peer 0x5649e7b57c00 (9 bytes)
1728013048.021851 sending message 112 to peer 0x5649e7b57c00 (15 bytes)
1728013048.021858 sending message 112 to peer 0x5649e7b57c00 (13 bytes)
1728013048.021865 sending message 112 to peer 0x5649e7b57c00 (12 bytes)
1728013048.021871 sending message 112 to peer 0x5649e7b57c00 (8 bytes)
1728013048.021879 sending message 112 to peer 0x5649e7b57c00 (14 bytes)
1728013048.021886 sending message 112 to peer 0x5649e7b57c00 (9 bytes)
1728013048.021893 sending message 112 to peer 0x5649e7b57c00 (10 bytes)
1728013048.021900 sending message 112 to peer 0x5649e7b57c00 (10 bytes)
1728013048.021907 sending message 112 to peer 0x5649e7b57c00 (10 bytes)
1728013048.021914 sending message 112 to peer 0x5649e7b57c00 (10 bytes)
1728013048.021920 sending message 112 to peer 0x5649e7b57c00 (11 bytes)
1728013048.021927 sending message 112 to peer 0x5649e7b57c00 (10 bytes)
1728013048.021934 sending message 112 to peer 0x5649e7b57c00 (8 bytes)
1728013048.021961 sending message 112 to peer 0x5649e7b57c00 (11 bytes)
1728013048.021969 sending message 112 to peer 0x5649e7b57c00 (11 bytes)
1728013048.021976 sending message 112 to peer 0x5649e7b57c00 (11 bytes)
1728013048.021983 sending message 112 to peer 0x5649e7b57c00 (8 bytes)
1728013048.021991 sending message 112 to peer 0x5649e7b57c00 (8 bytes)
1728013048.022000 sending message 112 to peer 0x5649e7b57c00 (8 bytes)
1728013048.022007 sending message 112 to peer 0x5649e7b57c00 (10 bytes)
1728013048.022014 sending message 112 to peer 0x5649e7b57c00 (10 bytes)
1728013048.022021 sending message 112 to peer 0x5649e7b57c00 (10 bytes)
1728013048.022028 sending message 112 to peer 0x5649e7b57c00 (10 bytes)
1728013048.022035 sending message 112 to peer 0x5649e7b57c00 (10 bytes)
1728013048.022042 sending message 112 to peer 0x5649e7b57c00 (11 bytes)
1728013048.022049 sending message 112 to peer 0x5649e7b57c00 (11 bytes)
1728013048.022056 sending message 112 to peer 0x5649e7b57c00 (10 bytes)
1728013048.022063 sending message 112 to peer 0x5649e7b57c00 (9 bytes)
1728013048.022070 sending message 112 to peer 0x5649e7b57c00 (9 bytes)
1728013048.022078 sending message 112 to peer 0x5649e7b57c00 (12 bytes)
1728013048.022085 sending message 112 to peer 0x5649e7b57c00 (9 bytes)
1728013048.022093 sending message 112 to peer 0x5649e7b57c00 (6 bytes)
1728013048.022102 sending message 112 to peer 0x5649e7b57c00 (13 bytes)
1728013048.022110 sending message 112 to peer 0x5649e7b57c00 (8 bytes)
1728013048.022118 sending message 112 to peer 0x5649e7b57c00 (15 bytes)
1728013048.022127 sending message 112 to peer 0x5649e7b57c00 (13 bytes)
1728013048.022135 sending message 112 to peer 0x5649e7b57c00 (70 bytes)
1728013048.022142 sending message 112 to peer 0x5649e7b57c00 (69 bytes)
1728013048.022149 sending message 112 to peer 0x5649e7b57c00 (10 bytes)
1728013048.022156 sending message 112 to peer 0x5649e7b57c00 (8 bytes)
1728013048.022163 sending message 112 to peer 0x5649e7b57c00 (15 bytes)
1728013048.022170 sending message 112 to peer 0x5649e7b57c00 (13 bytes)
1728013048.022177 sending message 112 to peer 0x5649e7b57c00 (10 bytes)
1728013048.022184 sending message 112 to peer 0x5649e7b57c00 (10 bytes)
1728013048.022191 sending message 112 to peer 0x5649e7b57c00 (5 bytes)
1728013048.022197 sending message 112 to peer 0x5649e7b57c00 (15 bytes)
1728013048.022206 sending message 104 to peer 0x5649e7b57c00 (0 bytes)
1728013048.022231 sending message 110 to peer 0x5649e7b57c00 (0 bytes)
1728013048.022243 sending message 107 to peer 0x5649e7b57c00 (4 bytes)
1728013048.022250 sending message 105 to peer 0x5649e7b57c00 (38 bytes)
1728013048.022259 sending message 105 to peer 0x5649e7b57c00 (62 bytes)
1728013048.022267 sending message 105 to peer 0x5649e7b57c00 (35 bytes)
1728013048.022274 sending message 105 to peer 0x5649e7b57c00 (20 bytes)
1728013048.022281 sending message 105 to peer 0x5649e7b57c00 (54 bytes)
1728013048.022289 sending message 105 to peer 0x5649e7b57c00 (55 bytes)
1728013048.022295 sending message 105 to peer 0x5649e7b57c00 (23 bytes)
1728013048.022302 sending message 105 to peer 0x5649e7b57c00 (11 bytes)
1728013048.022309 sending message 105 to peer 0x5649e7b57c00 (21 bytes)
1728013048.022316 sending message 105 to peer 0x5649e7b57c00 (25 bytes)
1728013048.022324 sending message 105 to peer 0x5649e7b57c00 (44 bytes)
1728013048.022331 sending message 105 to peer 0x5649e7b57c00 (77 bytes)
1728013048.022338 sending message 105 to peer 0x5649e7b57c00 (23 bytes)
1728013048.022345 sending message 105 to peer 0x5649e7b57c00 (15 bytes)
1728013048.022352 sending message 105 to peer 0x5649e7b57c00 (19 bytes)
1728013048.022359 sending message 105 to peer 0x5649e7b57c00 (16 bytes)
1728013048.022366 sending message 105 to peer 0x5649e7b57c00 (43 bytes)
1728013048.022373 sending message 105 to peer 0x5649e7b57c00 (33 bytes)
1728013048.022380 sending message 105 to peer 0x5649e7b57c00 (23 bytes)
1728013048.022387 sending message 105 to peer 0x5649e7b57c00 (47 bytes)
1728013048.022394 sending message 105 to peer 0x5649e7b57c00 (23 bytes)
1728013048.022409 sending message 105 to peer 0x5649e7b57c00 (13 bytes)
1728013048.022417 sending message 105 to peer 0x5649e7b57c00 (28 bytes)
1728013048.022424 sending message 105 to peer 0x5649e7b57c00 (22 bytes)
1728013048.022431 sending message 105 to peer 0x5649e7b57c00 (21 bytes)
1728013048.022438 sending message 105 to peer 0x5649e7b57c00 (22 bytes)
1728013048.022445 sending message 105 to peer 0x5649e7b57c00 (36 bytes)
1728013048.022452 sending message 105 to peer 0x5649e7b57c00 (17 bytes)
1728013048.022459 sending message 105 to peer 0x5649e7b57c00 (35 bytes)
1728013048.022466 sending message 105 to peer 0x5649e7b57c00 (16 bytes)
1728013048.022474 sending message 105 to peer 0x5649e7b57c00 (1823 bytes)
1728013048.022509 sending message 105 to peer 0x5649e7b57c00 (29 bytes)
1728013048.022517 sending message 105 to peer 0x5649e7b57c00 (16 bytes)
1728013048.022525 sending message 105 to peer 0x5649e7b57c00 (140 bytes)
1728013048.022534 sending message 105 to peer 0x5649e7b57c00 (51 bytes)
1728013048.022543 sending message 105 to peer 0x5649e7b57c00 (73 bytes)
1728013048.022551 sending message 105 to peer 0x5649e7b57c00 (21 bytes)
1728013048.022559 sending message 105 to peer 0x5649e7b57c00 (50 bytes)
1728013048.022567 sending message 105 to peer 0x5649e7b57c00 (214 bytes)
1728013048.022576 sending message 105 to peer 0x5649e7b57c00 (39 bytes)
1728013048.022584 sending message 105 to peer 0x5649e7b57c00 (30 bytes)
1728013048.022591 sending message 105 to peer 0x5649e7b57c00 (23 bytes)
1728013048.022598 sending message 105 to peer 0x5649e7b57c00 (78 bytes)
1728013048.022605 sending message 105 to peer 0x5649e7b57c00 (19 bytes)
1728013048.022613 sending message 105 to peer 0x5649e7b57c00 (51 bytes)
1728013048.022620 sending message 105 to peer 0x5649e7b57c00 (46 bytes)
1728013048.022627 sending message 105 to peer 0x5649e7b57c00 (22 bytes)
1728013048.022634 sending message 105 to peer 0x5649e7b57c00 (21 bytes)
1728013048.022641 sending message 105 to peer 0x5649e7b57c00 (18 bytes)
1728013048.022648 sending message 105 to peer 0x5649e7b57c00 (25 bytes)
1728013048.022655 sending message 105 to peer 0x5649e7b57c00 (35 bytes)
1728013048.022662 sending message 105 to peer 0x5649e7b57c00 (13 bytes)
1728013048.022669 sending message 105 to peer 0x5649e7b57c00 (61 bytes)
1728013048.022676 sending message 105 to peer 0x5649e7b57c00 (13 bytes)
1728013048.022683 sending message 105 to peer 0x5649e7b57c00 (26 bytes)
1728013048.022690 sending message 105 to peer 0x5649e7b57c00 (24 bytes)
1728013048.022697 sending message 105 to peer 0x5649e7b57c00 (39 bytes)
1728013048.022705 sending message 105 to peer 0x5649e7b57c00 (107 bytes)
1728013048.022713 sending message 105 to peer 0x5649e7b57c00 (24 bytes)
1728013048.022720 sending message 105 to peer 0x5649e7b57c00 (122 bytes)
1728013048.022728 sending message 105 to peer 0x5649e7b57c00 (24 bytes)
1728013048.022735 sending message 105 to peer 0x5649e7b57c00 (31 bytes)
1728013048.022742 sending message 105 to peer 0x5649e7b57c00 (15 bytes)
1728013048.022749 sending message 105 to peer 0x5649e7b57c00 (52 bytes)
1728013048.022757 sending message 105 to peer 0x5649e7b57c00 (23 bytes)
1728013048.022764 sending message 105 to peer 0x5649e7b57c00 (24 bytes)
1728013048.022771 sending message 105 to peer 0x5649e7b57c00 (17 bytes)
1728013048.022778 sending message 105 to peer 0x5649e7b57c00 (58 bytes)
1728013048.022785 sending message 105 to peer 0x5649e7b57c00 (25 bytes)
1728013048.022792 sending message 105 to peer 0x5649e7b57c00 (11 bytes)
1728013048.022799 sending message 105 to peer 0x5649e7b57c00 (22 bytes)
1728013048.022806 sending message 105 to peer 0x5649e7b57c00 (24 bytes)
1728013048.022813 sending message 105 to peer 0x5649e7b57c00 (20 bytes)
1728013048.022820 sending message 105 to peer 0x5649e7b57c00 (17 bytes)
1728013048.022827 sending message 105 to peer 0x5649e7b57c00 (8 bytes)
1728013048.022835 sending message 105 to peer 0x5649e7b57c00 (12 bytes)
1728013048.022842 sending message 105 to peer 0x5649e7b57c00 (20 bytes)
1728013048.022849 sending message 105 to peer 0x5649e7b57c00 (29 bytes)
1728013048.022867 sending message 105 to peer 0x5649e7b57c00 (11 bytes)
1728013048.022874 sending message 105 to peer 0x5649e7b57c00 (8 bytes)
1728013048.022883 sending message 105 to peer 0x5649e7b57c00 (32 bytes)
1728013048.022891 sending message 105 to peer 0x5649e7b57c00 (10 bytes)
1728013048.022899 sending message 105 to peer 0x5649e7b57c00 (24 bytes)
1728013048.022906 sending message 105 to peer 0x5649e7b57c00 (27 bytes)
1728013048.022914 sending message 105 to peer 0x5649e7b57c00 (16 bytes)
1728013048.022921 sending message 105 to peer 0x5649e7b57c00 (54 bytes)
1728013048.022928 sending message 105 to peer 0x5649e7b57c00 (63 bytes)
1728013048.022936 sending message 105 to peer 0x5649e7b57c00 (27 bytes)
1728013048.022943 sending message 105 to peer 0x5649e7b57c00 (16 bytes)
1728013048.022950 sending message 106 to peer 0x5649e7b57c00 (0 bytes)
1728013048.023017 sending message 200 to peer 0x5649e7b57c00 (4 bytes)
1728013048.023026 client loop enter
1728013048.024156 peer 0x5649e7b57c00 message 303
1728013048.024186 open write file 2 -
1728013048.024207 sending message 305 to peer 0x5649e7b57c00 (8 bytes)
1728013048.024257 write check file 2
1728013048.024656 peer 0x5649e7b57c00 message 304
1728013048.024686 write 58 to file 2
1728013048.024702 peer 0x5649e7b57c00 message 203
1728013048.024709 file 2 58 bytes left
1728013048.024743 write check file 2
1728013048.024750 client loop exit
